
            Дата и время вызова функции: 2022-12-06 17:41:19.476619
            Имя функции: hello_world
            Аргументы: () и {}
            Возвращаемое значение: Hello World
  
            
            Дата и время вызова функции: 2022-12-06 17:41:19.507880
            Имя функции: summator
            Аргументы: (2, 2) и {}
            Возвращаемое значение: 4
  
            
            Дата и время вызова функции: 2022-12-06 17:41:19.523512
            Имя функции: div
            Аргументы: (6, 2) и {}
            Возвращаемое значение: 3.0
  
            
            Дата и время вызова функции: 2022-12-06 17:41:19.539140
            Имя функции: summator
            Аргументы: (4.3,) и {'b': 2.2}
            Возвращаемое значение: 6.5
  
            
            Дата и время вызова функции: 2022-12-06 17:41:19.570397
            Имя функции: summator
            Аргументы: () и {'a': 0, 'b': 0}
            Возвращаемое значение: 0
  
            
            Дата и время вызова функции: 2022-12-06 17:55:11.419657
            Имя функции: ploskiy_spisok
            Аргументы: ([313, [12312, [111]]],) и {}
            Возвращаемое значение: [313, 12312, 111]
  
            